<?xml version="1.0" encoding="UTF-8"?>
<testng-results skipped="0" failed="0" ignored="0" total="1" passed="1">
  <reporter-output>
  </reporter-output>
  <suite name="Default suite" duration-ms="12433" started-at="2020-08-20T18:15:04 BST" finished-at="2020-08-20T18:15:16 BST">
    <groups>
    </groups>
    <test name="Default test" duration-ms="12433" started-at="2020-08-20T18:15:04 BST" finished-at="2020-08-20T18:15:16 BST">
      <class name="lamdatest.lamdatest01.sample">
        <test-method status="PASS" signature="setUp()[pri:0, instance:lamdatest.lamdatest01.sample@7494e528]" name="setUp" is-config="true" duration-ms="2913" started-at="2020-08-20T18:15:04 BST" finished-at="2020-08-20T18:15:07 BST">
          <reporter-output>
          </reporter-output>
        </test-method> <!-- setUp -->
        <test-method status="PASS" signature="testSample()[pri:0, instance:lamdatest.lamdatest01.sample@7494e528]" name="testSample" duration-ms="8546" started-at="2020-08-20T18:15:07 BST" finished-at="2020-08-20T18:15:15 BST">
          <reporter-output>
          </reporter-output>
        </test-method> <!-- testSample -->
        <test-method status="PASS" signature="tearDown()[pri:0, instance:lamdatest.lamdatest01.sample@7494e528]" name="tearDown" is-config="true" duration-ms="939" started-at="2020-08-20T18:15:15 BST" finished-at="2020-08-20T18:15:16 BST">
          <reporter-output>
          </reporter-output>
        </test-method> <!-- tearDown -->
      </class> <!-- lamdatest.lamdatest01.sample -->
    </test> <!-- Default test -->
  </suite> <!-- Default suite -->
</testng-results>
